-------------------------------------------------------------------------------
Test set: br.com.ibm.challenge.ApplicationTests
-------------------------------------------------------------------------------
Tests run: 1, Failures: 0, Errors: 1, Skipped: 0, Time elapsed: 9.297 s <<< FAILURE! - in br.com.ibm.challenge.ApplicationTests
contextLoads(br.com.ibm.challenge.ApplicationTests)  Time elapsed: 0.002 s  <<< ERROR!
java.lang.IllegalStateException: Failed to load ApplicationContext
Caused by: org.springframework.beans.factory.BeanCreationException: Error creating bean with name 'entityManagerFactory' defined in class path resource [org/springframework/boot/autoconfigure/orm/jpa/HibernateJpaConfiguration.class]: Invocation of init method failed; nested exception is javax.persistence.PersistenceException: [PersistenceUnit: default] Unable to build Hibernate SessionFactory; nested exception is org.hibernate.MappingException: Could not determine type for: br.com.ibm.challenge.domain.Conta, at table: transacao, for columns: [org.hibernate.mapping.Column(conta_do_cliente)]
Caused by: javax.persistence.PersistenceException: [PersistenceUnit: default] Unable to build Hibernate SessionFactory; nested exception is org.hibernate.MappingException: Could not determine type for: br.com.ibm.challenge.domain.Conta, at table: transacao, for columns: [org.hibernate.mapping.Column(conta_do_cliente)]
Caused by: org.hibernate.MappingException: Could not determine type for: br.com.ibm.challenge.domain.Conta, at table: transacao, for columns: [org.hibernate.mapping.Column(conta_do_cliente)]

